10:55:35 - MONSTER: Orc at (9, 14) attempts movement: moving towards Player
10:55:35 - MONSTER: Orc at (10, 14) turn complete: movement
10:55:35 - MONSTER: Orc at (11, 25) turn complete: no actions taken
10:55:35 - MONSTER: Orc at (39, 22) turn complete: no actions taken
10:55:35 - MONSTER: Orc at (37, 22) turn complete: no actions taken
10:55:35 - MONSTER: Orc at (72, 14) turn complete: no actions taken
10:55:35 - MONSTER: Orc at (68, 16) turn complete: no actions taken
10:55:35 - MONSTER: Orc at (24, 35) turn complete: no actions taken
10:55:35 - MONSTER: Orc at (23, 35) turn complete: no actions taken
10:55:35 - MONSTER: Orc at (60, 16) turn complete: no actions taken
10:55:35 - MONSTER: Orc at (61, 14) turn complete: no actions taken
10:55:35 - MONSTER: Orc at (43, 21) turn complete: no actions taken
10:55:35 - MONSTER: Orc at (46, 20) turn complete: no actions taken
10:55:35 - MONSTER: Orc at (67, 31) turn complete: no actions taken
10:55:35 - MONSTER: Orc at (69, 30) turn complete: no actions taken
10:55:35 - MONSTER: Orc at (10, 14) attempts movement: moving towards Player
10:55:35 - MONSTER: Orc at (11, 14) turn complete: movement
10:55:36 - MONSTER: Orc at (11, 25) turn complete: no actions taken
10:55:36 - MONSTER: Orc at (39, 22) turn complete: no actions taken
10:55:36 - MONSTER: Orc at (37, 22) turn complete: no actions taken
10:55:36 - MONSTER: Orc at (72, 14) turn complete: no actions taken
10:55:36 - MONSTER: Orc at (68, 16) turn complete: no actions taken
10:55:36 - MONSTER: Orc at (24, 35) turn complete: no actions taken
10:55:36 - MONSTER: Orc at (23, 35) turn complete: no actions taken
10:55:36 - MONSTER: Orc at (60, 16) turn complete: no actions taken
10:55:36 - MONSTER: Orc at (61, 14) turn complete: no actions taken
10:55:36 - MONSTER: Orc at (43, 21) turn complete: no actions taken
10:55:36 - MONSTER: Orc at (46, 20) turn complete: no actions taken
10:55:36 - MONSTER: Orc at (67, 31) turn complete: no actions taken
10:55:36 - MONSTER: Orc at (69, 30) turn complete: no actions taken
10:55:36 - MONSTER: Orc at (11, 14) attempts movement: moving towards Player
10:55:36 - MONSTER: Orc at (12, 14) turn complete: movement
10:55:36 - MONSTER: Orc at (11, 25) turn complete: no actions taken
10:55:36 - MONSTER: Orc at (39, 22) turn complete: no actions taken
10:55:36 - MONSTER: Orc at (37, 22) turn complete: no actions taken
10:55:36 - MONSTER: Orc at (72, 14) turn complete: no actions taken
10:55:36 - MONSTER: Orc at (68, 16) turn complete: no actions taken
10:55:36 - MONSTER: Orc at (24, 35) turn complete: no actions taken
10:55:36 - MONSTER: Orc at (23, 35) turn complete: no actions taken
10:55:36 - MONSTER: Orc at (60, 16) turn complete: no actions taken
10:55:36 - MONSTER: Orc at (61, 14) turn complete: no actions taken
10:55:36 - MONSTER: Orc at (43, 21) turn complete: no actions taken
10:55:36 - MONSTER: Orc at (46, 20) turn complete: no actions taken
10:55:36 - MONSTER: Orc at (67, 31) turn complete: no actions taken
10:55:36 - MONSTER: Orc at (69, 30) turn complete: no actions taken
10:55:36 - MONSTER: Orc at (12, 14) attempts movement: moving towards Player
10:55:36 - MONSTER: Orc at (13, 14) turn complete: movement
10:55:37 - MONSTER: Orc at (11, 25) turn complete: no actions taken
10:55:37 - MONSTER: Orc at (39, 22) turn complete: no actions taken
10:55:37 - MONSTER: Orc at (37, 22) turn complete: no actions taken
10:55:37 - MONSTER: Orc at (72, 14) turn complete: no actions taken
10:55:37 - MONSTER: Orc at (68, 16) turn complete: no actions taken
10:55:37 - MONSTER: Orc at (24, 35) turn complete: no actions taken
10:55:37 - MONSTER: Orc at (23, 35) turn complete: no actions taken
10:55:37 - MONSTER: Orc at (60, 16) turn complete: no actions taken
10:55:37 - MONSTER: Orc at (61, 14) turn complete: no actions taken
10:55:37 - MONSTER: Orc at (43, 21) turn complete: no actions taken
10:55:37 - MONSTER: Orc at (46, 20) turn complete: no actions taken
10:55:37 - MONSTER: Orc at (67, 31) turn complete: no actions taken
10:55:37 - MONSTER: Orc at (69, 30) turn complete: no actions taken
10:55:37 - MONSTER: Orc at (13, 14) attempts movement: moving towards Player
10:55:37 - MONSTER: Orc at (14, 14) turn complete: movement
10:55:37 - MONSTER: Orc at (11, 25) turn complete: no actions taken
10:55:37 - MONSTER: Orc at (39, 22) turn complete: no actions taken
10:55:37 - MONSTER: Orc at (37, 22) turn complete: no actions taken
10:55:37 - MONSTER: Orc at (72, 14) turn complete: no actions taken
10:55:37 - MONSTER: Orc at (68, 16) turn complete: no actions taken
10:55:37 - MONSTER: Orc at (24, 35) turn complete: no actions taken
10:55:37 - MONSTER: Orc at (23, 35) turn complete: no actions taken
10:55:37 - MONSTER: Orc at (60, 16) turn complete: no actions taken
10:55:37 - MONSTER: Orc at (61, 14) turn complete: no actions taken
10:55:37 - MONSTER: Orc at (43, 21) turn complete: no actions taken
10:55:37 - MONSTER: Orc at (46, 20) turn complete: no actions taken
10:55:37 - MONSTER: Orc at (67, 31) turn complete: no actions taken
10:55:37 - MONSTER: Orc at (69, 30) turn complete: no actions taken
10:55:37 - MONSTER: Orc at (14, 14) attempts movement: moving towards Player
10:55:37 - MONSTER: Orc at (15, 14) turn complete: movement
10:55:37 - MONSTER: Orc at (11, 25) turn complete: no actions taken
10:55:37 - MONSTER: Orc at (39, 22) turn complete: no actions taken
10:55:37 - MONSTER: Orc at (37, 22) turn complete: no actions taken
10:55:37 - MONSTER: Orc at (72, 14) turn complete: no actions taken
10:55:37 - MONSTER: Orc at (68, 16) turn complete: no actions taken
10:55:37 - MONSTER: Orc at (24, 35) turn complete: no actions taken
10:55:37 - MONSTER: Orc at (23, 35) turn complete: no actions taken
10:55:37 - MONSTER: Orc at (60, 16) turn complete: no actions taken
10:55:37 - MONSTER: Orc at (61, 14) turn complete: no actions taken
10:55:37 - MONSTER: Orc at (43, 21) turn complete: no actions taken
10:55:37 - MONSTER: Orc at (46, 20) turn complete: no actions taken
10:55:37 - MONSTER: Orc at (67, 31) turn complete: no actions taken
10:55:37 - MONSTER: Orc at (69, 30) turn complete: no actions taken
10:55:37 - MONSTER: Orc at (15, 14) attempts movement: moving towards Player
10:55:37 - MONSTER: Orc at (16, 14) turn complete: movement
10:55:38 - MONSTER: Orc at (11, 25) turn complete: no actions taken
10:55:38 - MONSTER: Orc at (39, 22) turn complete: no actions taken
10:55:38 - MONSTER: Orc at (37, 22) turn complete: no actions taken
10:55:38 - MONSTER: Orc at (72, 14) turn complete: no actions taken
10:55:38 - MONSTER: Orc at (68, 16) turn complete: no actions taken
10:55:38 - MONSTER: Orc at (24, 35) turn complete: no actions taken
10:55:38 - MONSTER: Orc at (23, 35) turn complete: no actions taken
10:55:38 - MONSTER: Orc at (60, 16) turn complete: no actions taken
10:55:38 - MONSTER: Orc at (61, 14) turn complete: no actions taken
10:55:38 - MONSTER: Orc at (43, 21) turn complete: no actions taken
10:55:38 - MONSTER: Orc at (46, 20) turn complete: no actions taken
10:55:38 - MONSTER: Orc at (67, 31) turn complete: no actions taken
10:55:38 - MONSTER: Orc at (69, 30) turn complete: no actions taken
10:55:38 - MONSTER: Orc at (16, 14) turn complete: no actions taken
10:55:38 - MONSTER: Orc at (11, 25) turn complete: no actions taken
10:55:38 - MONSTER: Orc at (39, 22) turn complete: no actions taken
10:55:38 - MONSTER: Orc at (37, 22) turn complete: no actions taken
10:55:38 - MONSTER: Orc at (72, 14) turn complete: no actions taken
10:55:38 - MONSTER: Orc at (68, 16) turn complete: no actions taken
10:55:38 - MONSTER: Orc at (24, 35) turn complete: no actions taken
10:55:38 - MONSTER: Orc at (23, 35) turn complete: no actions taken
10:55:38 - MONSTER: Orc at (60, 16) turn complete: no actions taken
10:55:38 - MONSTER: Orc at (61, 14) turn complete: no actions taken
10:55:38 - MONSTER: Orc at (43, 21) turn complete: no actions taken
10:55:38 - MONSTER: Orc at (46, 20) turn complete: no actions taken
10:55:38 - MONSTER: Orc at (67, 31) turn complete: no actions taken
10:55:38 - MONSTER: Orc at (69, 30) turn complete: no actions taken
10:55:38 - MONSTER: Orc at (16, 14) turn complete: no actions taken
10:55:39 - MONSTER: Orc at (11, 25) turn complete: no actions taken
10:55:39 - MONSTER: Orc at (39, 22) turn complete: no actions taken
10:55:39 - MONSTER: Orc at (37, 22) turn complete: no actions taken
10:55:39 - MONSTER: Orc at (72, 14) turn complete: no actions taken
10:55:39 - MONSTER: Orc at (68, 16) turn complete: no actions taken
10:55:39 - MONSTER: Orc at (24, 35) turn complete: no actions taken
10:55:39 - MONSTER: Orc at (23, 35) turn complete: no actions taken
10:55:39 - MONSTER: Orc at (60, 16) turn complete: no actions taken
10:55:39 - MONSTER: Orc at (61, 14) turn complete: no actions taken
10:55:39 - MONSTER: Orc at (43, 21) turn complete: no actions taken
10:55:39 - MONSTER: Orc at (46, 20) turn complete: no actions taken
10:55:39 - MONSTER: Orc at (67, 31) turn complete: no actions taken
10:55:39 - MONSTER: Orc at (69, 30) turn complete: no actions taken
10:55:39 - MONSTER: Orc at (16, 14) turn complete: no actions taken
10:55:39 - MONSTER: Orc at (11, 25) turn complete: no actions taken
10:55:39 - MONSTER: Orc at (39, 22) turn complete: no actions taken
10:55:39 - MONSTER: Orc at (37, 22) turn complete: no actions taken
10:55:39 - MONSTER: Orc at (72, 14) turn complete: no actions taken
10:55:39 - MONSTER: Orc at (68, 16) turn complete: no actions taken
10:55:39 - MONSTER: Orc at (24, 35) turn complete: no actions taken
10:55:39 - MONSTER: Orc at (23, 35) turn complete: no actions taken
10:55:39 - MONSTER: Orc at (60, 16) turn complete: no actions taken
10:55:39 - MONSTER: Orc at (61, 14) turn complete: no actions taken
10:55:39 - MONSTER: Orc at (43, 21) turn complete: no actions taken
10:55:39 - MONSTER: Orc at (46, 20) turn complete: no actions taken
10:55:39 - MONSTER: Orc at (67, 31) turn complete: no actions taken
10:55:39 - MONSTER: Orc at (69, 30) turn complete: no actions taken
10:55:39 - MONSTER: Orc at (16, 14) turn complete: no actions taken
10:55:39 - MONSTER: Orc at (11, 25) turn complete: no actions taken
10:55:39 - MONSTER: Orc at (39, 22) turn complete: no actions taken
10:55:39 - MONSTER: Orc at (37, 22) turn complete: no actions taken
10:55:39 - MONSTER: Orc at (72, 14) turn complete: no actions taken
10:55:39 - MONSTER: Orc at (68, 16) turn complete: no actions taken
10:55:39 - MONSTER: Orc at (24, 35) turn complete: no actions taken
10:55:39 - MONSTER: Orc at (23, 35) turn complete: no actions taken
10:55:39 - MONSTER: Orc at (60, 16) turn complete: no actions taken
10:55:39 - MONSTER: Orc at (61, 14) turn complete: no actions taken
10:55:39 - MONSTER: Orc at (43, 21) turn complete: no actions taken
10:55:39 - MONSTER: Orc at (46, 20) turn complete: no actions taken
10:55:39 - MONSTER: Orc at (67, 31) turn complete: no actions taken
10:55:39 - MONSTER: Orc at (69, 30) turn complete: no actions taken
10:55:39 - MONSTER: Orc at (16, 14) turn complete: no actions taken
10:55:40 - MONSTER: Orc at (11, 25) turn complete: no actions taken
10:55:40 - MONSTER: Orc at (39, 22) turn complete: no actions taken
10:55:40 - MONSTER: Orc at (37, 22) turn complete: no actions taken
10:55:40 - MONSTER: Orc at (72, 14) turn complete: no actions taken
10:55:40 - MONSTER: Orc at (68, 16) turn complete: no actions taken
10:55:40 - MONSTER: Orc at (24, 35) turn complete: no actions taken
10:55:40 - MONSTER: Orc at (23, 35) turn complete: no actions taken
10:55:40 - MONSTER: Orc at (60, 16) turn complete: no actions taken
10:55:40 - MONSTER: Orc at (61, 14) turn complete: no actions taken
10:55:40 - MONSTER: Orc at (43, 21) turn complete: no actions taken
10:55:40 - MONSTER: Orc at (46, 20) turn complete: no actions taken
10:55:40 - MONSTER: Orc at (67, 31) turn complete: no actions taken
10:55:40 - MONSTER: Orc at (69, 30) turn complete: no actions taken
10:55:40 - MONSTER: Orc at (16, 14) attempts item_seeking_movement: moving towards item
10:55:40 - MONSTER: Orc at (17, 14) turn complete: item_seeking
10:55:41 - MONSTER: Orc at (11, 25) turn complete: no actions taken
10:55:41 - MONSTER: Orc at (39, 22) turn complete: no actions taken
10:55:41 - MONSTER: Orc at (37, 22) turn complete: no actions taken
10:55:41 - MONSTER: Orc at (72, 14) turn complete: no actions taken
10:55:41 - MONSTER: Orc at (68, 16) turn complete: no actions taken
10:55:41 - MONSTER: Orc at (24, 35) turn complete: no actions taken
10:55:41 - MONSTER: Orc at (23, 35) turn complete: no actions taken
10:55:41 - MONSTER: Orc at (60, 16) turn complete: no actions taken
10:55:41 - MONSTER: Orc at (61, 14) turn complete: no actions taken
10:55:41 - MONSTER: Orc at (43, 21) turn complete: no actions taken
10:55:41 - MONSTER: Orc at (46, 20) turn complete: no actions taken
10:55:41 - MONSTER: Orc at (67, 31) turn complete: no actions taken
10:55:41 - MONSTER: Orc at (69, 30) turn complete: no actions taken
10:55:41 - MONSTER: Orc at (17, 14) turn complete: no actions taken
10:55:41 - MONSTER: Orc at (11, 25) turn complete: no actions taken
10:55:41 - MONSTER: Orc at (39, 22) turn complete: no actions taken
10:55:41 - MONSTER: Orc at (37, 22) turn complete: no actions taken
10:55:41 - MONSTER: Orc at (72, 14) turn complete: no actions taken
10:55:41 - MONSTER: Orc at (68, 16) turn complete: no actions taken
10:55:41 - MONSTER: Orc at (24, 35) turn complete: no actions taken
10:55:41 - MONSTER: Orc at (23, 35) turn complete: no actions taken
10:55:41 - MONSTER: Orc at (60, 16) turn complete: no actions taken
10:55:41 - MONSTER: Orc at (61, 14) turn complete: no actions taken
10:55:41 - MONSTER: Orc at (43, 21) turn complete: no actions taken
10:55:41 - MONSTER: Orc at (46, 20) turn complete: no actions taken
10:55:41 - MONSTER: Orc at (67, 31) turn complete: no actions taken
10:55:41 - MONSTER: Orc at (69, 30) turn complete: no actions taken
10:55:41 - MONSTER: Orc at (17, 14) attempts item_seeking_movement: moving towards item
10:55:41 - MONSTER: Orc at (16, 14) turn complete: item_seeking
10:55:41 - MONSTER: Orc at (11, 25) turn complete: no actions taken
10:55:41 - MONSTER: Orc at (39, 22) turn complete: no actions taken
10:55:41 - MONSTER: Orc at (37, 22) turn complete: no actions taken
10:55:41 - MONSTER: Orc at (72, 14) turn complete: no actions taken
10:55:41 - MONSTER: Orc at (68, 16) turn complete: no actions taken
10:55:41 - MONSTER: Orc at (24, 35) turn complete: no actions taken
10:55:41 - MONSTER: Orc at (23, 35) turn complete: no actions taken
10:55:41 - MONSTER: Orc at (60, 16) turn complete: no actions taken
10:55:41 - MONSTER: Orc at (61, 14) turn complete: no actions taken
10:55:41 - MONSTER: Orc at (43, 21) turn complete: no actions taken
10:55:41 - MONSTER: Orc at (46, 20) turn complete: no actions taken
10:55:41 - MONSTER: Orc at (67, 31) turn complete: no actions taken
10:55:41 - MONSTER: Orc at (69, 30) turn complete: no actions taken
10:55:41 - MONSTER: Orc at (16, 14) attempts item_seeking_movement: moving towards item
10:55:41 - MONSTER: Orc at (17, 14) turn complete: item_seeking
10:55:42 - MONSTER: Orc at (11, 25) turn complete: no actions taken
10:55:42 - MONSTER: Orc at (39, 22) turn complete: no actions taken
10:55:42 - MONSTER: Orc at (37, 22) turn complete: no actions taken
10:55:42 - MONSTER: Orc at (72, 14) turn complete: no actions taken
10:55:42 - MONSTER: Orc at (68, 16) turn complete: no actions taken
10:55:42 - MONSTER: Orc at (24, 35) turn complete: no actions taken
10:55:42 - MONSTER: Orc at (23, 35) turn complete: no actions taken
10:55:42 - MONSTER: Orc at (60, 16) turn complete: no actions taken
10:55:42 - MONSTER: Orc at (61, 14) turn complete: no actions taken
10:55:42 - MONSTER: Orc at (43, 21) turn complete: no actions taken
10:55:42 - MONSTER: Orc at (46, 20) turn complete: no actions taken
10:55:42 - MONSTER: Orc at (67, 31) turn complete: no actions taken
10:55:42 - MONSTER: Orc at (69, 30) turn complete: no actions taken
10:55:42 - MONSTER: Orc at (17, 14) attempts item_seeking_movement: moving towards item
10:55:42 - MONSTER: Orc at (16, 14) turn complete: item_seeking
10:55:42 - MONSTER: Orc at (11, 25) turn complete: no actions taken
10:55:42 - MONSTER: Orc at (39, 22) turn complete: no actions taken
10:55:42 - MONSTER: Orc at (37, 22) turn complete: no actions taken
10:55:42 - MONSTER: Orc at (72, 14) turn complete: no actions taken
10:55:42 - MONSTER: Orc at (68, 16) turn complete: no actions taken
10:55:42 - MONSTER: Orc at (24, 35) turn complete: no actions taken
10:55:42 - MONSTER: Orc at (23, 35) turn complete: no actions taken
10:55:42 - MONSTER: Orc at (60, 16) turn complete: no actions taken
10:55:42 - MONSTER: Orc at (61, 14) turn complete: no actions taken
10:55:42 - MONSTER: Orc at (43, 21) turn complete: no actions taken
10:55:42 - MONSTER: Orc at (46, 20) turn complete: no actions taken
10:55:42 - MONSTER: Orc at (67, 31) turn complete: no actions taken
10:55:42 - MONSTER: Orc at (69, 30) turn complete: no actions taken
10:55:42 - MONSTER: Orc at (16, 14) attempts movement: moving towards Player
10:55:42 - MONSTER: Orc at (17, 15) turn complete: movement
10:55:43 - MONSTER: Orc at (11, 25) turn complete: no actions taken
10:55:43 - MONSTER: Orc at (39, 22) turn complete: no actions taken
10:55:43 - MONSTER: Orc at (37, 22) turn complete: no actions taken
10:55:43 - MONSTER: Orc at (72, 14) turn complete: no actions taken
10:55:43 - MONSTER: Orc at (68, 16) turn complete: no actions taken
10:55:43 - MONSTER: Orc at (24, 35) turn complete: no actions taken
10:55:43 - MONSTER: Orc at (23, 35) turn complete: no actions taken
10:55:43 - MONSTER: Orc at (60, 16) turn complete: no actions taken
10:55:43 - MONSTER: Orc at (61, 14) turn complete: no actions taken
10:55:43 - MONSTER: Orc at (43, 21) turn complete: no actions taken
10:55:43 - MONSTER: Orc at (46, 20) turn complete: no actions taken
10:55:43 - MONSTER: Orc at (67, 31) turn complete: no actions taken
10:55:43 - MONSTER: Orc at (69, 30) turn complete: no actions taken
10:55:43 - MONSTER: Orc at (17, 15) attempts movement: moving towards Player
10:55:43 - MONSTER: Orc at (18, 15) turn complete: movement
10:55:43 - MONSTER: Orc at (11, 25) turn complete: no actions taken
10:55:43 - MONSTER: Orc at (39, 22) turn complete: no actions taken
10:55:43 - MONSTER: Orc at (37, 22) turn complete: no actions taken
10:55:43 - MONSTER: Orc at (72, 14) turn complete: no actions taken
10:55:43 - MONSTER: Orc at (68, 16) turn complete: no actions taken
10:55:43 - MONSTER: Orc at (24, 35) turn complete: no actions taken
10:55:43 - MONSTER: Orc at (23, 35) turn complete: no actions taken
10:55:43 - MONSTER: Orc at (60, 16) turn complete: no actions taken
10:55:43 - MONSTER: Orc at (61, 14) turn complete: no actions taken
10:55:43 - MONSTER: Orc at (43, 21) turn complete: no actions taken
10:55:43 - MONSTER: Orc at (46, 20) turn complete: no actions taken
10:55:43 - MONSTER: Orc at (67, 31) turn complete: no actions taken
10:55:43 - MONSTER: Orc at (69, 30) turn complete: no actions taken
10:55:43 - MONSTER: Orc at (18, 15) attempts item_seeking_movement: moving towards item
10:55:43 - MONSTER: Orc at (19, 14) turn complete: item_seeking
10:55:44 - MONSTER: Orc at (11, 25) turn complete: no actions taken
10:55:44 - MONSTER: Orc at (39, 22) turn complete: no actions taken
10:55:44 - MONSTER: Orc at (37, 22) turn complete: no actions taken
10:55:44 - MONSTER: Orc at (72, 14) turn complete: no actions taken
10:55:44 - MONSTER: Orc at (68, 16) turn complete: no actions taken
10:55:44 - MONSTER: Orc at (24, 35) turn complete: no actions taken
10:55:44 - MONSTER: Orc at (23, 35) turn complete: no actions taken
10:55:44 - MONSTER: Orc at (60, 16) turn complete: no actions taken
10:55:44 - MONSTER: Orc at (61, 14) turn complete: no actions taken
10:55:44 - MONSTER: Orc at (43, 21) turn complete: no actions taken
10:55:44 - MONSTER: Orc at (46, 20) turn complete: no actions taken
10:55:44 - MONSTER: Orc at (67, 31) turn complete: no actions taken
10:55:44 - MONSTER: Orc at (69, 30) turn complete: no actions taken
10:55:44 - MONSTER: Orc at (19, 14) attempts item_seeking_movement: moving towards item
10:55:44 - MONSTER: Orc at (20, 14) turn complete: item_seeking
10:55:44 - MONSTER: Orc at (11, 25) turn complete: no actions taken
10:55:44 - MONSTER: Orc at (39, 22) turn complete: no actions taken
10:55:44 - MONSTER: Orc at (37, 22) turn complete: no actions taken
10:55:44 - MONSTER: Orc at (72, 14) turn complete: no actions taken
10:55:44 - MONSTER: Orc at (68, 16) turn complete: no actions taken
10:55:44 - MONSTER: Orc at (24, 35) turn complete: no actions taken
10:55:44 - MONSTER: Orc at (23, 35) turn complete: no actions taken
10:55:44 - MONSTER: Orc at (60, 16) turn complete: no actions taken
10:55:44 - MONSTER: Orc at (61, 14) turn complete: no actions taken
10:55:44 - MONSTER: Orc at (43, 21) turn complete: no actions taken
10:55:44 - MONSTER: Orc at (46, 20) turn complete: no actions taken
10:55:44 - MONSTER: Orc at (67, 31) turn complete: no actions taken
10:55:44 - MONSTER: Orc at (69, 30) turn complete: no actions taken
10:55:44 - MONSTER: Orc at (20, 14) attempts item_pickup: attempting to pick up Lightning Scroll
10:55:44 - MONSTER: Orc at (20, 14) inventory_change SUCCESS: added Lightning Scroll (inventory: 1 items)
10:55:44 - MONSTER: Orc at (20, 14) item_pickup SUCCESS: picked up Lightning Scroll from (21, 14)
10:55:44 - MONSTER: Orc at (20, 14) turn complete: item_seeking
10:55:47 - MONSTER: Orc at (11, 25) turn complete: no actions taken
10:55:47 - MONSTER: Orc at (39, 22) turn complete: no actions taken
10:55:47 - MONSTER: Orc at (37, 22) turn complete: no actions taken
10:55:47 - MONSTER: Orc at (72, 14) turn complete: no actions taken
10:55:47 - MONSTER: Orc at (68, 16) turn complete: no actions taken
10:55:47 - MONSTER: Orc at (24, 35) turn complete: no actions taken
10:55:47 - MONSTER: Orc at (23, 35) turn complete: no actions taken
10:55:47 - MONSTER: Orc at (60, 16) turn complete: no actions taken
10:55:47 - MONSTER: Orc at (61, 14) turn complete: no actions taken
10:55:47 - MONSTER: Orc at (43, 21) turn complete: no actions taken
10:55:47 - MONSTER: Orc at (46, 20) turn complete: no actions taken
10:55:47 - MONSTER: Orc at (67, 31) turn complete: no actions taken
10:55:47 - MONSTER: Orc at (69, 30) turn complete: no actions taken
10:55:47 - MONSTER: Orc at (20, 14) attempts item_seeking_movement: moving towards item
10:55:47 - MONSTER: Orc at (21, 15) turn complete: item_seeking
10:55:48 - MONSTER: Orc at (11, 25) turn complete: no actions taken
10:55:48 - MONSTER: Orc at (39, 22) turn complete: no actions taken
10:55:48 - MONSTER: Orc at (37, 22) turn complete: no actions taken
10:55:48 - MONSTER: Orc at (72, 14) turn complete: no actions taken
10:55:48 - MONSTER: Orc at (68, 16) turn complete: no actions taken
10:55:48 - MONSTER: Orc at (24, 35) turn complete: no actions taken
10:55:48 - MONSTER: Orc at (23, 35) turn complete: no actions taken
10:55:48 - MONSTER: Orc at (60, 16) turn complete: no actions taken
10:55:48 - MONSTER: Orc at (61, 14) turn complete: no actions taken
10:55:48 - MONSTER: Orc at (43, 21) turn complete: no actions taken
10:55:48 - MONSTER: Orc at (46, 20) turn complete: no actions taken
10:55:48 - MONSTER: Orc at (67, 31) turn complete: no actions taken
10:55:48 - MONSTER: Orc at (69, 30) turn complete: no actions taken
10:55:48 - MONSTER: Orc at (21, 15) attempts item_pickup: attempting to pick up Healing Potion
10:55:48 - MONSTER: Orc at (21, 15) inventory_change SUCCESS: added Healing Potion (inventory: 2 items)
10:55:48 - MONSTER: Orc at (21, 15) item_pickup SUCCESS: picked up Healing Potion from (22, 16)
10:55:48 - MONSTER: Orc at (21, 15) turn complete: item_seeking
10:55:49 - MONSTER: Orc at (11, 25) turn complete: no actions taken
10:55:49 - MONSTER: Orc at (39, 22) turn complete: no actions taken
10:55:49 - MONSTER: Orc at (37, 22) turn complete: no actions taken
10:55:49 - MONSTER: Orc at (72, 14) turn complete: no actions taken
10:55:49 - MONSTER: Orc at (68, 16) turn complete: no actions taken
10:55:49 - MONSTER: Orc at (24, 35) turn complete: no actions taken
10:55:49 - MONSTER: Orc at (23, 35) turn complete: no actions taken
10:55:49 - MONSTER: Orc at (60, 16) turn complete: no actions taken
10:55:49 - MONSTER: Orc at (61, 14) turn complete: no actions taken
10:55:49 - MONSTER: Orc at (43, 21) turn complete: no actions taken
10:55:49 - MONSTER: Orc at (46, 20) turn complete: no actions taken
10:55:49 - MONSTER: Orc at (67, 31) turn complete: no actions taken
10:55:49 - MONSTER: Orc at (69, 30) turn complete: no actions taken
10:55:49 - MONSTER: Orc at (21, 15) attempts item_usage: attempting to use Lightning Scroll
10:55:49 - MONSTER: Orc at (21, 15) item_usage FAILED: failed to use Lightning Scroll on Player (failure: unknown)
10:55:49 - MONSTER: Orc at (21, 15) inventory_change SUCCESS: removed (used) Lightning Scroll (inventory: 1 items)
10:55:49 - MONSTER: Orc at (21, 15) turn complete: item_usage
10:55:50 - MONSTER: Orc at (11, 25) turn complete: no actions taken
10:55:50 - MONSTER: Orc at (39, 22) turn complete: no actions taken
10:55:50 - MONSTER: Orc at (37, 22) turn complete: no actions taken
10:55:50 - MONSTER: Orc at (72, 14) turn complete: no actions taken
10:55:50 - MONSTER: Orc at (68, 16) turn complete: no actions taken
10:55:50 - MONSTER: Orc at (24, 35) turn complete: no actions taken
10:55:50 - MONSTER: Orc at (23, 35) turn complete: no actions taken
10:55:50 - MONSTER: Orc at (60, 16) turn complete: no actions taken
10:55:50 - MONSTER: Orc at (61, 14) turn complete: no actions taken
10:55:50 - MONSTER: Orc at (43, 21) turn complete: no actions taken
10:55:50 - MONSTER: Orc at (46, 20) turn complete: no actions taken
10:55:50 - MONSTER: Orc at (67, 31) turn complete: no actions taken
10:55:50 - MONSTER: Orc at (69, 30) turn complete: no actions taken
10:55:50 - MONSTER: Orc at (21, 15) attempts item_seeking_movement: moving towards item
10:55:50 - MONSTER: Orc at (22, 14) turn complete: item_seeking
10:55:57 - MONSTER: Orc at (11, 25) turn complete: no actions taken
10:55:57 - MONSTER: Orc at (39, 22) turn complete: no actions taken
10:55:57 - MONSTER: Orc at (37, 22) turn complete: no actions taken
10:55:57 - MONSTER: Orc at (72, 14) turn complete: no actions taken
10:55:57 - MONSTER: Orc at (68, 16) turn complete: no actions taken
10:55:57 - MONSTER: Orc at (24, 35) turn complete: no actions taken
10:55:57 - MONSTER: Orc at (23, 35) turn complete: no actions taken
10:55:57 - MONSTER: Orc at (60, 16) turn complete: no actions taken
10:55:57 - MONSTER: Orc at (61, 14) turn complete: no actions taken
10:55:57 - MONSTER: Orc at (43, 21) turn complete: no actions taken
10:55:57 - MONSTER: Orc at (46, 20) turn complete: no actions taken
10:55:57 - MONSTER: Orc at (67, 31) turn complete: no actions taken
10:55:57 - MONSTER: Orc at (69, 30) turn complete: no actions taken
10:55:57 - MONSTER: Orc at (22, 14) attempts item_pickup: attempting to pick up Sword
10:55:57 - MONSTER: Orc at (22, 14) inventory_change SUCCESS: added Sword (inventory: 2 items)
10:55:57 - MONSTER: Orc at (22, 14) item_pickup SUCCESS: picked up Sword from (23, 14)
10:55:57 - MONSTER: Orc at (22, 14) turn complete: item_seeking
10:55:58 - MONSTER: Orc at (11, 25) turn complete: no actions taken
10:55:58 - MONSTER: Orc at (39, 22) turn complete: no actions taken
10:55:58 - MONSTER: Orc at (37, 22) turn complete: no actions taken
10:55:58 - MONSTER: Orc at (72, 14) turn complete: no actions taken
10:55:58 - MONSTER: Orc at (68, 16) turn complete: no actions taken
10:55:58 - MONSTER: Orc at (24, 35) turn complete: no actions taken
10:55:58 - MONSTER: Orc at (23, 35) turn complete: no actions taken
10:55:58 - MONSTER: Orc at (60, 16) turn complete: no actions taken
10:55:58 - MONSTER: Orc at (61, 14) turn complete: no actions taken
10:55:58 - MONSTER: Orc at (43, 21) turn complete: no actions taken
10:55:58 - MONSTER: Orc at (46, 20) turn complete: no actions taken
10:55:58 - MONSTER: Orc at (67, 31) turn complete: no actions taken
10:55:58 - MONSTER: Orc at (69, 30) turn complete: no actions taken
10:55:58 - MONSTER: Orc at (22, 14) attempts item_seeking_movement: moving towards item
10:55:58 - MONSTER: Orc at (23, 14) turn complete: item_seeking
10:55:58 - MONSTER: Orc at (11, 25) turn complete: no actions taken
10:55:58 - MONSTER: Orc at (39, 22) turn complete: no actions taken
10:55:58 - MONSTER: Orc at (37, 22) turn complete: no actions taken
10:55:58 - MONSTER: Orc at (72, 14) turn complete: no actions taken
10:55:58 - MONSTER: Orc at (68, 16) turn complete: no actions taken
10:55:58 - MONSTER: Orc at (24, 35) turn complete: no actions taken
10:55:58 - MONSTER: Orc at (23, 35) turn complete: no actions taken
10:55:58 - MONSTER: Orc at (60, 16) turn complete: no actions taken
10:55:58 - MONSTER: Orc at (61, 14) turn complete: no actions taken
10:55:58 - MONSTER: Orc at (43, 21) turn complete: no actions taken
10:55:58 - MONSTER: Orc at (46, 20) turn complete: no actions taken
10:55:58 - MONSTER: Orc at (67, 31) turn complete: no actions taken
10:55:58 - MONSTER: Orc at (69, 30) turn complete: no actions taken
10:55:58 - MONSTER: Orc at (23, 14) attempts item_seeking_movement: moving towards item
10:55:58 - MONSTER: Orc at (24, 14) turn complete: item_seeking
10:55:58 - MONSTER: Orc at (11, 25) turn complete: no actions taken
10:55:58 - MONSTER: Orc at (39, 22) turn complete: no actions taken
10:55:58 - MONSTER: Orc at (37, 22) turn complete: no actions taken
10:55:58 - MONSTER: Orc at (72, 14) turn complete: no actions taken
10:55:58 - MONSTER: Orc at (68, 16) turn complete: no actions taken
10:55:58 - MONSTER: Orc at (24, 35) turn complete: no actions taken
10:55:58 - MONSTER: Orc at (23, 35) turn complete: no actions taken
10:55:58 - MONSTER: Orc at (60, 16) turn complete: no actions taken
10:55:58 - MONSTER: Orc at (61, 14) turn complete: no actions taken
10:55:58 - MONSTER: Orc at (43, 21) turn complete: no actions taken
10:55:58 - MONSTER: Orc at (46, 20) turn complete: no actions taken
10:55:58 - MONSTER: Orc at (67, 31) turn complete: no actions taken
10:55:58 - MONSTER: Orc at (69, 30) turn complete: no actions taken
10:55:58 - MONSTER: Orc at (24, 14) attempts item_pickup: attempting to pick up Shield
10:55:58 - MONSTER: Orc at (24, 14) inventory_change SUCCESS: added Shield (inventory: 3 items)
10:55:58 - MONSTER: Orc at (24, 14) item_pickup SUCCESS: picked up Shield from (25, 14)
10:55:58 - MONSTER: Orc at (24, 14) turn complete: item_seeking
10:56:00 - MONSTER: Orc at (11, 25) turn complete: no actions taken
10:56:00 - MONSTER: Orc at (39, 22) turn complete: no actions taken
10:56:00 - MONSTER: Orc at (37, 22) turn complete: no actions taken
10:56:00 - MONSTER: Orc at (72, 14) turn complete: no actions taken
10:56:00 - MONSTER: Orc at (68, 16) turn complete: no actions taken
10:56:00 - MONSTER: Orc at (24, 35) turn complete: no actions taken
10:56:00 - MONSTER: Orc at (23, 35) turn complete: no actions taken
10:56:00 - MONSTER: Orc at (60, 16) turn complete: no actions taken
10:56:00 - MONSTER: Orc at (61, 14) turn complete: no actions taken
10:56:00 - MONSTER: Orc at (43, 21) turn complete: no actions taken
10:56:00 - MONSTER: Orc at (46, 20) turn complete: no actions taken
10:56:00 - MONSTER: Orc at (67, 31) turn complete: no actions taken
10:56:00 - MONSTER: Orc at (69, 30) turn complete: no actions taken
10:56:00 - MONSTER: Orc at (24, 14) attempts movement: moving towards Player
10:56:00 - MONSTER: Orc at (25, 13) turn complete: movement
10:56:02 - MONSTER: Orc at (11, 25) turn complete: no actions taken
10:56:02 - MONSTER: Orc at (39, 22) turn complete: no actions taken
10:56:02 - MONSTER: Orc at (37, 22) turn complete: no actions taken
10:56:02 - MONSTER: Orc at (72, 14) turn complete: no actions taken
10:56:02 - MONSTER: Orc at (68, 16) turn complete: no actions taken
10:56:02 - MONSTER: Orc at (24, 35) turn complete: no actions taken
10:56:02 - MONSTER: Orc at (23, 35) turn complete: no actions taken
10:56:02 - MONSTER: Orc at (60, 16) turn complete: no actions taken
10:56:02 - MONSTER: Orc at (61, 14) turn complete: no actions taken
10:56:02 - MONSTER: Orc at (43, 21) turn complete: no actions taken
10:56:02 - MONSTER: Orc at (46, 20) turn complete: no actions taken
10:56:02 - MONSTER: Orc at (67, 31) turn complete: no actions taken
10:56:02 - MONSTER: Orc at (69, 30) turn complete: no actions taken
10:56:02 - MONSTER: Orc at (25, 13) attempts combat: attacking Player
10:56:02 - MONSTER: Orc at (25, 13) turn complete: combat
10:56:02 - MONSTER: Orc at (11, 25) turn complete: no actions taken
10:56:02 - MONSTER: Orc at (39, 22) turn complete: no actions taken
10:56:02 - MONSTER: Orc at (37, 22) turn complete: no actions taken
10:56:02 - MONSTER: Orc at (72, 14) turn complete: no actions taken
10:56:02 - MONSTER: Orc at (68, 16) turn complete: no actions taken
10:56:02 - MONSTER: Orc at (24, 35) turn complete: no actions taken
10:56:02 - MONSTER: Orc at (23, 35) turn complete: no actions taken
10:56:02 - MONSTER: Orc at (60, 16) turn complete: no actions taken
10:56:02 - MONSTER: Orc at (61, 14) turn complete: no actions taken
10:56:02 - MONSTER: Orc at (43, 21) turn complete: no actions taken
10:56:02 - MONSTER: Orc at (46, 20) turn complete: no actions taken
10:56:02 - MONSTER: Orc at (67, 31) turn complete: no actions taken
10:56:02 - MONSTER: Orc at (69, 30) turn complete: no actions taken
10:56:02 - MONSTER: Orc at (25, 13) attempts combat: attacking Player
10:56:02 - MONSTER: Orc at (25, 13) turn complete: combat
10:56:02 - MONSTER: Orc at (11, 25) turn complete: no actions taken
10:56:02 - MONSTER: Orc at (39, 22) turn complete: no actions taken
10:56:02 - MONSTER: Orc at (37, 22) turn complete: no actions taken
10:56:02 - MONSTER: Orc at (72, 14) turn complete: no actions taken
10:56:02 - MONSTER: Orc at (68, 16) turn complete: no actions taken
10:56:02 - MONSTER: Orc at (24, 35) turn complete: no actions taken
10:56:02 - MONSTER: Orc at (23, 35) turn complete: no actions taken
10:56:02 - MONSTER: Orc at (60, 16) turn complete: no actions taken
10:56:02 - MONSTER: Orc at (61, 14) turn complete: no actions taken
10:56:02 - MONSTER: Orc at (43, 21) turn complete: no actions taken
10:56:02 - MONSTER: Orc at (46, 20) turn complete: no actions taken
10:56:02 - MONSTER: Orc at (67, 31) turn complete: no actions taken
10:56:02 - MONSTER: Orc at (69, 30) turn complete: no actions taken
10:56:02 - MONSTER: Orc at (25, 13) attempts combat: attacking Player
10:56:02 - MONSTER: Orc at (25, 13) turn complete: combat
10:56:03 - MONSTER: Orc at (11, 25) turn complete: no actions taken
10:56:03 - MONSTER: Orc at (39, 22) turn complete: no actions taken
10:56:03 - MONSTER: Orc at (37, 22) turn complete: no actions taken
10:56:03 - MONSTER: Orc at (72, 14) turn complete: no actions taken
10:56:03 - MONSTER: Orc at (68, 16) turn complete: no actions taken
10:56:03 - MONSTER: Orc at (24, 35) turn complete: no actions taken
10:56:03 - MONSTER: Orc at (23, 35) turn complete: no actions taken
10:56:03 - MONSTER: Orc at (60, 16) turn complete: no actions taken
10:56:03 - MONSTER: Orc at (61, 14) turn complete: no actions taken
10:56:03 - MONSTER: Orc at (43, 21) turn complete: no actions taken
10:56:03 - MONSTER: Orc at (46, 20) turn complete: no actions taken
10:56:03 - MONSTER: Orc at (67, 31) turn complete: no actions taken
10:56:03 - MONSTER: Orc at (69, 30) turn complete: no actions taken
10:56:03 - MONSTER: Orc at (25, 13) attempts combat: attacking Player
10:56:03 - MONSTER: Orc at (25, 13) turn complete: combat
10:56:03 - MONSTER: Orc at (25, 13) loot_drop SUCCESS: dropped Dagger at (25, 13)
10:56:03 - MONSTER: Orc at (25, 13) loot_drop SUCCESS: dropped Healing Potion at (25, 12)
10:56:03 - MONSTER: Orc at (25, 13) loot_drop SUCCESS: dropped Sword at (26, 13)
10:56:03 - MONSTER: Orc at (25, 13) loot_drop SUCCESS: dropped Shield at (25, 14)
10:56:03 - MONSTER: Orc at (11, 25) turn complete: no actions taken
10:56:03 - MONSTER: Orc at (39, 22) turn complete: no actions taken
10:56:03 - MONSTER: Orc at (37, 22) turn complete: no actions taken
10:56:03 - MONSTER: Orc at (72, 14) turn complete: no actions taken
10:56:03 - MONSTER: Orc at (68, 16) turn complete: no actions taken
10:56:03 - MONSTER: Orc at (24, 35) turn complete: no actions taken
10:56:03 - MONSTER: Orc at (23, 35) turn complete: no actions taken
10:56:03 - MONSTER: Orc at (60, 16) turn complete: no actions taken
10:56:03 - MONSTER: Orc at (61, 14) turn complete: no actions taken
10:56:03 - MONSTER: Orc at (43, 21) turn complete: no actions taken
10:56:03 - MONSTER: Orc at (46, 20) turn complete: no actions taken
10:56:03 - MONSTER: Orc at (67, 31) turn complete: no actions taken
10:56:03 - MONSTER: Orc at (69, 30) turn complete: no actions taken
10:56:05 - MONSTER: Orc at (11, 25) turn complete: no actions taken
10:56:05 - MONSTER: Orc at (39, 22) turn complete: no actions taken
10:56:05 - MONSTER: Orc at (37, 22) turn complete: no actions taken
10:56:05 - MONSTER: Orc at (72, 14) turn complete: no actions taken
10:56:05 - MONSTER: Orc at (68, 16) turn complete: no actions taken
10:56:05 - MONSTER: Orc at (24, 35) turn complete: no actions taken
10:56:05 - MONSTER: Orc at (23, 35) turn complete: no actions taken
10:56:05 - MONSTER: Orc at (60, 16) turn complete: no actions taken
10:56:05 - MONSTER: Orc at (61, 14) turn complete: no actions taken
10:56:05 - MONSTER: Orc at (43, 21) turn complete: no actions taken
10:56:05 - MONSTER: Orc at (46, 20) turn complete: no actions taken
10:56:05 - MONSTER: Orc at (67, 31) turn complete: no actions taken
10:56:05 - MONSTER: Orc at (69, 30) turn complete: no actions taken
10:56:08 - MONSTER: Orc at (11, 25) turn complete: no actions taken
10:56:08 - MONSTER: Orc at (39, 22) turn complete: no actions taken
10:56:08 - MONSTER: Orc at (37, 22) turn complete: no actions taken
10:56:08 - MONSTER: Orc at (72, 14) turn complete: no actions taken
10:56:08 - MONSTER: Orc at (68, 16) turn complete: no actions taken
10:56:08 - MONSTER: Orc at (24, 35) turn complete: no actions taken
10:56:08 - MONSTER: Orc at (23, 35) turn complete: no actions taken
10:56:08 - MONSTER: Orc at (60, 16) turn complete: no actions taken
10:56:08 - MONSTER: Orc at (61, 14) turn complete: no actions taken
10:56:08 - MONSTER: Orc at (43, 21) turn complete: no actions taken
10:56:08 - MONSTER: Orc at (46, 20) turn complete: no actions taken
10:56:08 - MONSTER: Orc at (67, 31) turn complete: no actions taken
10:56:08 - MONSTER: Orc at (69, 30) turn complete: no actions taken
10:56:11 - MONSTER: Orc at (11, 25) turn complete: no actions taken
10:56:11 - MONSTER: Orc at (39, 22) turn complete: no actions taken
10:56:11 - MONSTER: Orc at (37, 22) turn complete: no actions taken
10:56:11 - MONSTER: Orc at (72, 14) turn complete: no actions taken
10:56:11 - MONSTER: Orc at (68, 16) turn complete: no actions taken
10:56:11 - MONSTER: Orc at (24, 35) turn complete: no actions taken
10:56:11 - MONSTER: Orc at (23, 35) turn complete: no actions taken
10:56:11 - MONSTER: Orc at (60, 16) turn complete: no actions taken
10:56:11 - MONSTER: Orc at (61, 14) turn complete: no actions taken
10:56:11 - MONSTER: Orc at (43, 21) turn complete: no actions taken
10:56:11 - MONSTER: Orc at (46, 20) turn complete: no actions taken
10:56:11 - MONSTER: Orc at (67, 31) turn complete: no actions taken
10:56:11 - MONSTER: Orc at (69, 30) turn complete: no actions taken
10:56:11 - MONSTER: Orc at (11, 25) turn complete: no actions taken
10:56:11 - MONSTER: Orc at (39, 22) turn complete: no actions taken
10:56:11 - MONSTER: Orc at (37, 22) turn complete: no actions taken
10:56:11 - MONSTER: Orc at (72, 14) turn complete: no actions taken
10:56:11 - MONSTER: Orc at (68, 16) turn complete: no actions taken
10:56:11 - MONSTER: Orc at (24, 35) turn complete: no actions taken
10:56:11 - MONSTER: Orc at (23, 35) turn complete: no actions taken
10:56:11 - MONSTER: Orc at (60, 16) turn complete: no actions taken
10:56:11 - MONSTER: Orc at (61, 14) turn complete: no actions taken
10:56:11 - MONSTER: Orc at (43, 21) turn complete: no actions taken
10:56:11 - MONSTER: Orc at (46, 20) turn complete: no actions taken
10:56:11 - MONSTER: Orc at (67, 31) turn complete: no actions taken
10:56:11 - MONSTER: Orc at (69, 30) turn complete: no actions taken
10:56:13 - MONSTER: Orc at (11, 25) turn complete: no actions taken
10:56:13 - MONSTER: Orc at (39, 22) turn complete: no actions taken
10:56:13 - MONSTER: Orc at (37, 22) turn complete: no actions taken
10:56:13 - MONSTER: Orc at (72, 14) turn complete: no actions taken
10:56:13 - MONSTER: Orc at (68, 16) turn complete: no actions taken
10:56:13 - MONSTER: Orc at (24, 35) turn complete: no actions taken
10:56:13 - MONSTER: Orc at (23, 35) turn complete: no actions taken
10:56:13 - MONSTER: Orc at (60, 16) turn complete: no actions taken
10:56:13 - MONSTER: Orc at (61, 14) turn complete: no actions taken
10:56:13 - MONSTER: Orc at (43, 21) turn complete: no actions taken
10:56:13 - MONSTER: Orc at (46, 20) turn complete: no actions taken
10:56:13 - MONSTER: Orc at (67, 31) turn complete: no actions taken
10:56:13 - MONSTER: Orc at (69, 30) turn complete: no actions taken
10:56:14 - MONSTER: Orc at (11, 25) turn complete: no actions taken
10:56:14 - MONSTER: Orc at (39, 22) turn complete: no actions taken
10:56:14 - MONSTER: Orc at (37, 22) turn complete: no actions taken
10:56:14 - MONSTER: Orc at (72, 14) turn complete: no actions taken
10:56:14 - MONSTER: Orc at (68, 16) turn complete: no actions taken
10:56:14 - MONSTER: Orc at (24, 35) turn complete: no actions taken
10:56:14 - MONSTER: Orc at (23, 35) turn complete: no actions taken
10:56:14 - MONSTER: Orc at (60, 16) turn complete: no actions taken
10:56:14 - MONSTER: Orc at (61, 14) turn complete: no actions taken
10:56:14 - MONSTER: Orc at (43, 21) turn complete: no actions taken
10:56:14 - MONSTER: Orc at (46, 20) turn complete: no actions taken
10:56:14 - MONSTER: Orc at (67, 31) turn complete: no actions taken
10:56:14 - MONSTER: Orc at (69, 30) turn complete: no actions taken
10:56:14 - MONSTER: Orc at (11, 25) turn complete: no actions taken
10:56:14 - MONSTER: Orc at (39, 22) turn complete: no actions taken
10:56:14 - MONSTER: Orc at (37, 22) turn complete: no actions taken
10:56:14 - MONSTER: Orc at (72, 14) turn complete: no actions taken
10:56:14 - MONSTER: Orc at (68, 16) turn complete: no actions taken
10:56:14 - MONSTER: Orc at (24, 35) turn complete: no actions taken
10:56:14 - MONSTER: Orc at (23, 35) turn complete: no actions taken
10:56:14 - MONSTER: Orc at (60, 16) turn complete: no actions taken
10:56:14 - MONSTER: Orc at (61, 14) turn complete: no actions taken
10:56:14 - MONSTER: Orc at (43, 21) turn complete: no actions taken
10:56:14 - MONSTER: Orc at (46, 20) turn complete: no actions taken
10:56:14 - MONSTER: Orc at (67, 31) turn complete: no actions taken
10:56:14 - MONSTER: Orc at (69, 30) turn complete: no actions taken
